<xml>
	<title>Baroque, préciosité et burlesque</title>
	<subtitle>Quand l’instabilité s’empare des lettres françaises</subtitle>
	<isbn>9782806262011</isbn>
	<pageCount>36</pageCount>
	<keywords>poésie baroque courant burlesque préciosité classicisme salons précieux littérature galante grands mouvements littéraires Agrippa d'Aubigné Honoré d'Urfé Théophile de Viau Saint-Amant Vincent Voiture Corneille Racine Molière Madeleine de Scudéry Paul Scarron marquise de Rambouillet carte du Tendre Académie française</keywords>
	<languageID>2</languageID>
	<createdON>11.11.2016 14:17:34</createdOn>
	<authors>Jean-Marc Defays</authors>
</xml>
<xml>
	<title>La prima Bette de Honoré de Balzac (Guía de lectura)</title>
	<subtitle>Resumen y análisis completo</subtitle>
	<isbn>9782806287458</isbn>
	<pageCount>25</pageCount>
	<keywords>Honoré de Balzac La prima Bette La comedia humana Los parientes pobres ResumenExpress guía de lectura análisis del libro literatura rápida literatura francesa siglo XIX realismo celos venganza dinero mujer belleza matrimonio amantes maldad manipulación mentira virtuosismo París costumbrismo crisis familiar</keywords>
	<languageID>3</languageID>
	<createdON>12.12.2016 14:22:17</createdOn>
	<authors>Colette Braeckman</authors>
</xml>
<xml>
	<title>Ma vie, votre œuvre</title>
	<subtitle>Un roman actuel</subtitle>
	<isbn>9782919742752</isbn>
	<pageCount>80</pageCount>
	<keywords>Ma vie, votre oeuvreAlain KauffmannÉditions des Tourmentsebooksromans contemporainsInternetdérivesgénération connectéeWebcodes actuelsdécryptagesinternautesvoyeurismechoixromans psychologiquesjeunes gensadolescentsmondes virtuelsdécisionsle nettoilevictimesFacebookréseaux sociauxmaladieseuthanasie</keywords>
	<languageID>2</languageID>
	<createdON>23.02.2017 09:57:32</createdOn>
	<authors>Pascaline David</authors>
</xml>
<xml>
	<title>John Locke</title>
	<subtitle>De la tolérance religieuse au libéralisme, une pensée philosophique moderne</subtitle>
	<isbn>9782806271662</isbn>
	<pageCount>64</pageCount>
	<keywords>50MINUTES John Locke Essais sur l'entendement humain histoire de l'Angleterre histoire de la philosophie Grande-Bretagne Royaume-Uni XVIIe siècle révolution anglaise guerres civiles anglaises Oliver Cromwell empirisme libéralisme contrat social Thomas Hobbes siècle des Lumières séparation des pouvoirs Jacques II monarchie parlementaire indépendance américaine Bill of Rights</keywords>
	<languageID>2</languageID>
	<createdON>11.11.2016 13:48:33</createdOn>
	<authors>Luc Baba</authors>
</xml>
<xml>
	<title>Sint-Gillis</title>
	<subtitle>Acht eeuwen geschiedenis[sen]. 1216-2016</subtitle>
	<isbn>9782804703493</isbn>
	<pageCount>256</pageCount>
	<keywords>Sint-Gillis - Acht eeuwen geschiedenis(en) (1216-2016) Collectief Pierre Dejemeppe uitgeverij mardaga ebooks architectuur brussel bouwkunst brussel stedenbouw brussel planologie brussel gemeente sint-gillis geschiedenis achthonderdste verjaardagCharles Picqué</keywords>
	<languageID>5</languageID>
	<createdON>11.11.2016 13:44:36</createdOn>
	<authors>Miloud bettahar</authors>
</xml>
<xml>
	<title>S’engager et méditer en temps de crise</title>
	<subtitle>Dépasser l’impuissance, préparer l’avenir</subtitle>
	<isbn>9782916842400</isbn>
	<pageCount>225</pageCount>
	<keywords>S’engager et méditer en temps de crise Dépasser l’impuissance, préparer l’avenir Cécile Entremont Marine Dupuich Temps Présent éditions collection Semeurs d'avenir ebooks essais études livres illustrés illustrations théologie psychologie sociologie développement personnel présent avenir crises désespoir fatalisme déni de réalité deuil de l'avenir éducation</keywords>
	<languageID>2</languageID>
	<createdON>18.01.2017 09:14:20</createdOn>
	<authors>Davy Artero</authors>
</xml>
<xml>
	<title>Comment se faire des amis ?</title>
	<subtitle> </subtitle>
	<isbn>9782806267306</isbn>
	<pageCount>33</pageCount>
	<keywords>50MINUTES amitiés amis développement personnel timidité manque de confiance en soi manque d'assurance aller à la rencontre des autres faire des rencontres cercles sociaux relations humaines solitude </keywords>
	<languageID>2</languageID>
	<createdON>11.11.2016 11:47:50</createdOn>
	<authors>Isabelle Rorive</authors>
</xml>
<xml>
	<title>Ombres chinoises</title>
	<subtitle>Composez de formidables figures à l'aide de vos doigts et de vos mains</subtitle>
	<isbn>9782842598181</isbn>
	<pageCount>8</pageCount>
	<keywords>Petit Guide Ombres chinoises Aedis éditions ebooks guides pratiques ouvrages de référence loisirs distractions apprentissages démonstrations figures formes dessins lumières doigts mains animaux</keywords>
	<languageID>2</languageID>
	<createdON>11.11.2016 13:43:52</createdOn>
	<authors>BusinessNews Publishing</authors>
</xml>
<xml>
	<title>Trop sexy pour un bilan</title>
	<subtitle>Autobiographie d'une femme chef d'entreprise</subtitle>
	<isbn>9791023600414</isbn>
	<pageCount>108</pageCount>
	<keywords>Trop sexy pour un bilan Annick Hercend publishroom ebooks littérature française romans français romans autobiographiques autobiographies mémoires personnels récits personnels confessions témoignages femmes chefs d'entreprise femmes entrepreneurs femmes contemporaines carrières femmes femmes entreprises femmes industries femmes patrons</keywords>
	<languageID>2</languageID>
	<createdON>11.11.2016 12:18:53</createdOn>
	<authors> Ligaran</authors>
</xml>
<xml>
	<title>Napoléon en campagne</title>
	<subtitle></subtitle>
	<isbn>9782335016673</isbn>
	<pageCount>231</pageCount>
	<keywords>Napoléon en campagne Jean-Baptiste Vachée littérature française XXe Empire français Histoire Waterloo biographie Ligaran</keywords>
	<languageID>2</languageID>
	<createdON>11.11.2016 10:52:18</createdOn>
	<authors>Mathieu Couplet</authors>
</xml>
<xml>
	<title>Veronika décide de mourir de Paulo Coelho (Fiche de lecture)</title>
	<subtitle>Résumé complet et analyse détaillée de l'oeuvre</subtitle>
	<isbn>9782806267870</isbn>
	<pageCount>24</pageCount>
	<keywords>lePetitLittéraire.fr Veronika décide de mourir Paulo Coelho  résumé détaillé du livre fiche de lecture profil littéraire analyse complète de l'oeuvre critique littéraire actualité littéraire grands classiques outils pédagogiques parascolaire enseignement analyse littéraire littérature française le petit litteraire analyse du livre présentation des personnages conte philosophique vie et mort suicide moi véritable </keywords>
	<languageID>2</languageID>
	<createdON>11.11.2016 12:10:36</createdOn>
	<authors> Brulard</authors>
</xml>
<xml>
	<title>Monument</title>
	<subtitle>Les Grands Articles d'Universalis</subtitle>
	<isbn>9782341006897</isbn>
	<pageCount>12</pageCount>
	<keywords>Monument Encyclopaedia Universalis Les Grands Articles d'Universalis ebooks encyclopédies articles ouvrages de référence livres illustrés arts histoire de l'art histoire de l'architecture esthétique générale théories de l'architecture architecture occidentale histoire monuments publics patrimoine mémoire Antiquité architecture</keywords>
	<languageID>2</languageID>
	<createdON>13.02.2017 14:39:44</createdOn>
	<authors>Hubert Viteux</authors>
</xml>
<xml>
	<title>Raga Mala Ma vie en musique</title>
	<subtitle>Mémoires d'un des plus grands musiciens de musique traditionnelle indienne</subtitle>
	<isbn>9782369561200</isbn>
	<pageCount>352</pageCount>
	<keywords>Ravi Shankar Catherine Baldisserr Raga Mala Ma vie en musique Editions Intervalles ebooks autobiographies mémoires témoignages musiques indiennes et traditionnelles musiciens sitars Inde festivals tournées Woodstock Monterrey George Harrison Beatles Rolling Stones Norah Jones cultures</keywords>
	<languageID>2</languageID>
	<createdON>11.11.2016 12:59:05</createdOn>
	<authors>Encyclopaedia Universalis</authors>
</xml>
<xml>
	<title>Le sablier du jour</title>
	<subtitle>Un roman sensible</subtitle>
	<isbn>9782875543967</isbn>
	<pageCount>168</pageCount>
	<keywords>Le sablier du jour Bérengère Deprez Éditions Luce Wilquincollection Sméraldine ebooks littérature belgeromans d'amourromans sentimentauxromanceshistoires d'amourromans psychologiquesAthènespassédangerstemps qui passeguerrecauchemarsmystères</keywords>
	<languageID>2</languageID>
	<createdON>20.02.2017 10:49:05</createdOn>
	<authors>Sandra Moyon</authors>
</xml>
<xml>
	<title>Un enfant gâté</title>
	<subtitle></subtitle>
	<isbn>9782335122305</isbn>
	<pageCount>223</pageCount>
	<keywords>Un enfant gâté Zénaïde Fleuriot Ligaran ebooks œuvres domaine public œuvres indisponibles littérature classique littérature française 19e siècle littérature jeunesse romans jeunes filles bibliothèque rose amitiés amours héritages enfances familles valeurs familiales catholicisme</keywords>
	<languageID>2</languageID>
	<createdON>11.11.2016 14:19:36</createdOn>
	<authors> lePetitLittéraire</authors>
</xml>
<xml>
	<title>10 péchés mortels en marketing</title>
	<subtitle>Symptômes et solutions (Master Class)</subtitle>
	<isbn>9782818806579</isbn>
	<pageCount>144</pageCount>
	<keywords>10 péchés mortels en marketing Symptômes et solutions Philip Kotler Éditions Maxima Laurent du Mesnil éditeur ebooks entreprises livres pratiques marketing stratégies conseils exemples théories applications démonstrations concurrence forces faiblesses partenaires salariés fournisseurs distributeurs planifications communications promotions esprit d'équipe</keywords>
	<languageID>2</languageID>
	<createdON>11.11.2016 11:07:15</createdOn>
	<authors>Marc Villard</authors>
</xml>
<xml>
	<title>La Civilisation de la Renaissance en Italie de Jacob Burckhardt</title>
	<subtitle>Les Fiches de lecture d'Universalis</subtitle>
	<isbn>9782341012416</isbn>
	<pageCount>16</pageCount>
	<keywords>Jacob Burckhardt La Civilisation de la Renaissance en Italie encyclopédie universalislittératures littéraire classiquecontemporainesguidesauteurslecturesanalysescritiquesfiches résumésaides étudesœuvres scolaires parascolaires bac de françaisprépas enseignants repères</keywords>
	<languageID>2</languageID>
	<createdON>11.11.2016 13:34:47</createdOn>
	<authors>50 minutes</authors>
</xml>
<xml>
	<title>Utopie </title>
	<subtitle>Les Grands Articles d'Universalis</subtitle>
	<isbn>9782341004886</isbn>
	<pageCount>60</pageCount>
	<keywords>Utopie (Les Grands Articles) (Les Grands Articles d'Universalis) Encyclopædia Universalis ebooks encyclopédie littérature arts histoire de la littérature genres littéraires utopies architecturales philosophie politique Thomas More utopies anciennes origines évolutions Histoire société culture utopies modernes typologies millénarismes utopies écrites utopies pratiquées stratégies quête de l'idéal rêves psychoses conceptions de Ruyer et de Mannheim schizophrénie George Orwell contre-utopie psychanalyse psychiatrie</keywords>
	<languageID>2</languageID>
	<createdON>11.11.2016 12:34:21</createdOn>
	<authors>Marie Hem</authors>
</xml>
<xml>
	<title>Une terre pas si sainte</title>
	<subtitle>Sélection Prix Sang pour Sang Polar 2015</subtitle>
	<isbn>9791092016451</isbn>
	<pageCount>328</pageCount>
	<keywords>Pierre Pouchairet Une terre pas si sainte Editions Jigal ebooks romans policiers meilleur du polars thrillers meurtres crimes criminelspolars assassinsmafias mystères secretssuspenses enquêtes policières investigations romans noirspolices judiciaires massacres tensions religieuses et politiques trafics réseaux réfugiés mafias Shabak Israël Palestine France Cisjordaniehumours fictions</keywords>
	<languageID>2</languageID>
	<createdON>11.11.2016 11:05:59</createdOn>
	<authors>Kelly Carrein</authors>
</xml>
<xml>
	<title>Vitamines et santé</title>
	<subtitle>Adoptez un régime alimentaire sain et plein de vitalité !</subtitle>
	<isbn>9782842598174</isbn>
	<pageCount>8</pageCount>
	<keywords>Petit Guide Vitamines et santé Aedis éditions ebooks guides pratiques ouvrages de référence bien-être médecines régimes alimentaires nutritions organismes vitalité alimentations A B1 B2 B3 B5 B6 B8 B9 B12 C D E K rétinol thiamine riboflavine niacine acide pantothénique pyridoxine biotine acide folique colobamine acide ascorbique calciférol tocophérols tocotriénols phylloquinone ménaquinones bêta-carotène</keywords>
	<languageID>2</languageID>
	<createdON>11.11.2016 11:20:04</createdOn>
	<authors>Julénia Mont-Erarg Alidor</authors>
</xml>
<xml>
	<title>Summary: Making Strategy Work</title>
	<subtitle>Review and Analysis of Hrebiniak's Book</subtitle>
	<isbn>9782511016060</isbn>
	<pageCount>15</pageCount>
	<keywords>Making Strategy Work Lawrence Hrebiniak Summary & Analysis Review Must Read Summaries implementing & executing strategies business success management & leadership action systems & structures organizational change organisational change structural adjustments</keywords>
	<languageID>1</languageID>
	<createdON>11.11.2016 12:15:47</createdOn>
	<authors> Ligaran</authors>
</xml>
<xml>
	<title>Cambodge</title>
	<subtitle>Géographie, économie, histoire et politique</subtitle>
	<isbn>9782852299818</isbn>
	<pageCount>60</pageCount>
	<keywords>cambodge encyclopédie universalis Khmers Angkor Norodom Sihanouk Kampuchéa Asie du Sud-Est Mékong ethnies protectorats français chutes de sihanouk guerres civiles G.R.U.N.C. industries textiles sociétés cambodgiennes traditions cambodgiennes kuy brau siam indépendance cambodge</keywords>
	<languageID>2</languageID>
	<createdON>11.11.2016 13:19:54</createdOn>
	<authors>Sandra Moyon</authors>
</xml>
<xml>
	<title>Summary: Rocketeers</title>
	<subtitle>Review and Analysis of Belfiore's Book</subtitle>
	<isbn>9782511016381</isbn>
	<pageCount>15</pageCount>
	<keywords>Rocketeers Michael Belfiore Summary & Analysis Review Must Read Summaries entrepreneurship technological advance space tourism & travel spaceflight industry aeronautics & astronautics innovation & progress futuristic & visionary commercial space pioneers X-price</keywords>
	<languageID>1</languageID>
	<createdON>11.11.2016 14:23:08</createdOn>
	<authors>Edmond About</authors>
</xml>
<xml>
	<title>Summary: Ben & Jerry's: The Inside Scoop</title>
	<subtitle>Review and Analysis of Lager's Book</subtitle>
	<isbn>9782806222817</isbn>
	<pageCount>10</pageCount>
	<keywords>Ben & Jerry's: The Inside Scoop Summary & Analysis Review Fred "Chico" Lager company success story successful businessmen business ethics & social conscience company growth business innovation market leadership humor ice cream Must Read Summaries </keywords>
	<languageID>1</languageID>
	<createdON>11.11.2016 13:57:15</createdOn>
	<authors>Juan Antonio Guerrero Cañongo</authors>
</xml>
<xml>
	<title>La sensibilité radiesthésique</title>
	<subtitle>Comment l'acquérir, comment l'augmenter</subtitle>
	<isbn>9782872421299</isbn>
	<pageCount>156</pageCount>
	<keywords>La ensibilité radiesthésique, comment l'acquérir, comment l'augmenter F. et W. Servranx et associés radiesthésieebooksComment l'acquérir, comment l'augmenterradiesthésistespendulesbaguettesinstruments de détectiontechniques de rechercheessaisinitiationsguides pratiquesoutilsconseilsexercicessourciersrésultatsmanuelsapprendredébutants</keywords>
	<languageID>2</languageID>
	<createdON>11.11.2016 10:21:18</createdOn>
	<authors>Renée Dunan</authors>
</xml>
<xml>
	<title>Dom Bougre, portier des Chartreux</title>
	<subtitle>Un roman érotique</subtitle>
	<isbn>9791023405415</isbn>
	<pageCount>192</pageCount>
	<keywords>Dom Bougre, portier des Chartreux Gervaise de la Touche Éditions Ska collection Culissime collection Perle rose ebooks littérature française littérature libertine romans libertins romans érotiques romans classiques XVIIIe siècle 18e siècle moines soeurs paillardise sexualité corps jouissances abstinence relations sexuelles religion</keywords>
	<languageID>2</languageID>
	<createdON>11.11.2016 11:06:21</createdOn>
	<authors>Benjamin Taylor</authors>
</xml>
<xml>
	<title>L'Ile des esclaves de Marivaux (Fiche de lecture)</title>
	<subtitle>Résumé complet et analyse détaillée de l'oeuvre</subtitle>
	<isbn>9782806218636</isbn>
	<pageCount>10</pageCount>
	<keywords>L'Ile des esclaves Marivaux analyse complète de l'oeuvre résumé détaillé du livre fiche de lecture profil littéraire critique Littérature grands classiques outils pédagogiques parascolaire critique littéraire enseignement lepetitlitteraire.fr le petit litteraire</keywords>
	<languageID>2</languageID>
	<createdON>11.11.2016 10:45:11</createdOn>
	<authors>Marie-Hélène Maudoux</authors>
</xml>
<xml>
	<title>Phèdre de Jean Racine (Analyse de l'oeuvre)</title>
	<subtitle>Comprendre la littérature avec lePetitLittéraire.fr</subtitle>
	<isbn>9782806220592</isbn>
	<pageCount>31</pageCount>
	<keywords>Phèdre Jean Racine Littérature Théâtre tragédies classiques grands classiques outils pédagogiques parascolaire critiques littéraires enseignement fiches de lecture analyses littéraires profil d'une oeuvre lepetitlitteraire.fr le petit litteraire analyses du livre</keywords>
	<languageID>2</languageID>
	<createdON>11.11.2016 12:05:51</createdOn>
	<authors>Fabrice Chauliac</authors>
</xml>
<xml>
	<title>Histoire des États-Unis d'Amérique</title>
	<subtitle>Universalis : Géographie, économie, histoire et politique</subtitle>
	<isbn>9782852297272</isbn>
	<pageCount>60</pageCount>
	<keywords>Histoire des États-Unis d'Amérique Encyclopaedia Universalis ebooks ouvrages de référence histoires cultures générales éducations savoirs connaissances Histoire de l'Amérique Découverte des Amériques Révolution américaine guerres d'indépendance Consitution des Etats-Unis Lincoln guerres de Sécession Dépression New Deal Truman Watergate révolutions américaines expansions Ouest puissances mondiales 11 septembre 2011 guerres irak élections présidentielles Obama</keywords>
	<languageID>2</languageID>
	<createdON>11.11.2016 12:18:24</createdOn>
	<authors>Joëlle Brethes</authors>
</xml>
<xml>
	<title>La mouche du coche</title>
	<subtitle>Roman policier historique</subtitle>
	<isbn>9782359627909</isbn>
	<pageCount>212</pageCount>
	<keywords>La mouche du coche Une enquête de Hadrien Allonfleur Irène Chauvy Editions Ex Aequo collection Rouge ebooks romans policiers polars romans historiques Napoléon enquêtes intrigues suspense Histoire investigations inspecteursCompiègne assassins meurtres Second EmpireLouis-Napoléon Bonapartesoldats</keywords>
	<languageID>2</languageID>
	<createdON>30.01.2017 15:01:36</createdOn>
	<authors>Jean Adolphe Rondal</authors>
</xml>
<xml>
	<title>La batalla de Francia</title>
	<subtitle>La Blitzkrieg y el inicio de la ocupación alemana</subtitle>
	<isbn>9782806294302</isbn>
	<pageCount>51</pageCount>
	<keywords>La batalla de Francia La Blitzkrieg y el inicio de la ocupación alemana  50Minutos.es 50 minutos historia contemporánea siglo XX Segunda Guerra Mundial Blitzkrieg Aliados Alemania nazismo ocupación represión resistencia conflicto bélico ofensivas ataques Luftwaffe Wehrmacht Panzer Tratado de Versalles milagro de Dunkerque Gerd von Rundstedt Heinz Guderian Maxime Weygand línea Maginot Adolf Hitler invasión alemana regímenes de colaboración Gobierno de Vichy Royal Air Force Philippe Pétain</keywords>
	<languageID>3</languageID>
	<createdON>24.04.2017 12:27:20</createdOn>
	<authors>Carlos Eduardo Sarmiento Ladino</authors>
</xml>
<xml>
	<title>Madame Bovary de Gustave Flaubert (Analyse approfondie)</title>
	<subtitle>Approfondissez votre lecture des romans classiques et modernes avec Profil-Litteraire.fr</subtitle>
	<isbn>9782806269096</isbn>
	<pageCount>52</pageCount>
	<keywords>Profil littéraire Madame Bovary Gustave Flaubert analyse littéraire fiche de lecture résumé du roman analyse personnages psychologie des personnages analyse thématique analyse stylistique bovarysme Emma Bovary insatisfaction illusion romanesque aveuglement bêtise humaine, mœurs de province réalisme style indirect libre scène du fiacre</keywords>
	<languageID>2</languageID>
	<createdON>11.11.2016 11:45:46</createdOn>
	<authors>Suzanne de Arriba</authors>
</xml>
<xml>
	<title>Face au mur</title>
	<subtitle>Nouvelle noire</subtitle>
	<isbn>9791023404210</isbn>
	<pageCount>47</pageCount>
	<keywords>Face au mur Fabienne Rivayran Éditions Ska ebooks Noire soeur littérature française nouvelles noires romans noirs fictions drames récits révoltes victimes certitudes doutes souffrances cauchemars bourreaux revanches vengeances</keywords>
	<languageID>2</languageID>
	<createdON>11.11.2016 14:07:20</createdOn>
	<authors>Charles-Pierre Serain</authors>
</xml>
<xml>
	<title>Le Dernier Monde</title>
	<subtitle>Un roman pour les enfants de 8 ans et plus</subtitle>
	<isbn>9782511040133</isbn>
	<pageCount>120</pageCount>
	<keywords>Le Dernier Monde Florence Jenner MetzAlice Jeunesse ebooks fictions littérature jeunesse romans jeunesse fantastiques aventures suspenses péripéties rebondissements internet jeux vidéo jeux en ligneinformatique défisamitié sorcierslivres pour enfantsAnatole et Basileà partir de 8 ans8-12 ans</keywords>
	<languageID>2</languageID>
	<createdON>11.11.2016 13:27:42</createdOn>
	<authors>Encyclopaedia Universalis</authors>
</xml>
<xml>
	<title>Les Gentilshommes de l'ouest</title>
	<subtitle></subtitle>
	<isbn>9782335145663</isbn>
	<pageCount>342</pageCount>
	<keywords>Les Gentilshommes de l'ouest Régis de Trobriand Ligaran ebooks œuvres domaine public œuvres indisponibles littérature classique littérature française 19e siècle monographies histoire romans historiques histoire romancée histoire 19e siècle royautés combat de touscheneaux prisons 19e siècle satires sociales critiques sociétés 19e siècle bourgeoisies 19e siècle politiques 19e siècle voyages 19e siècle exils politiques 19e siècle</keywords>
	<languageID>2</languageID>
	<createdON>11.11.2016 14:19:57</createdOn>
	<authors>Laurent père</authors>
</xml>
<xml>
	<title>Maître Rossignol le libre penseur</title>
	<subtitle>Crimes à la campagne</subtitle>
	<isbn>9782360589180</isbn>
	<pageCount>166</pageCount>
	<keywords>Maître Rossignol le libre penseur Ponson du Terrail Œuvres de Ponson du Terrail 13 Encrage Édition ebooks romans littérature française classiques XIXe siècle crimes criminels suspense secrets mystères médecins de campagne fictions</keywords>
	<languageID>2</languageID>
	<createdON>11.11.2016 13:18:46</createdOn>
	<authors>Jean Swaffran</authors>
</xml>
<xml>
	<title>La P'titchatnalyse</title>
	<subtitle>Une psychanalyse pas comme les autres !</subtitle>
	<isbn>9782759900022</isbn>
	<pageCount>69</pageCount>
	<keywords>La P'titchatnalyse Jacques-François Martin Éditions Upblisher ebooks romans humoristiques romans illustrés histoire de chat humour jeunesse psychanalyse récit de vie fictions animaux parlants rendez-vous anecdotes souvenirs surnoms amusements ambitions rêves égocentrisme malice caractère personnalité mauvaise foi affection</keywords>
	<languageID>2</languageID>
	<createdON>11.11.2016 14:14:35</createdOn>
	<authors>Encyclopaedia Universalis</authors>
</xml>
<xml>
	<title>Drôle de trésor</title>
	<subtitle>une histoire pour lecteurs débutants (5-8 ans)</subtitle>
	<isbn>9782874383380</isbn>
	<pageCount>24</pageCount>
	<keywords>Eclat de Lire Drôle de trésor Geneviève Rousseau Marie Morey livre jeunesse enfant lecture apprentissage débutant confirmé lectures pour petits livres illustrés apprendre à lire livres 5 ans livres 8 ans histoires enfants</keywords>
	<languageID>2</languageID>
	<createdON>11.11.2016 10:32:47</createdOn>
	<authors>Xavier Deutsch</authors>
</xml>
<xml>
	<title>Un clou chassant l'autre</title>
	<subtitle>Nouvelle noire</subtitle>
	<isbn>9791023405149</isbn>
	<pageCount>24</pageCount>
	<keywords>Un clou chassant l'autre Damien Ruzé Éditions Ska ebooks collection Noire sœur nouvelles noires nouvelles psychologiques thriller jihad terrorisme drogues trafics overdoses Syrie Belgique Bruxelles Raqqa enquêtes morts journalistes dealers problèmes planques recherches questions suspense rebondissements retournements de situations revendications littérature générale</keywords>
	<languageID>2</languageID>
	<createdON>11.11.2016 14:38:36</createdOn>
	<authors>Guillaume Peris</authors>
</xml>
<xml>
	<title>Avis de recherche</title>
	<subtitle>Un petit livre pour enfants</subtitle>
	<isbn>9782511022658</isbn>
	<pageCount>20</pageCount>
	<keywords>Avis de recherche Edith Soonckindt Mathieu Couplet Éditions Caramel ebooks Lola & Woufi tome 6 littérature jeunesse histoires jeunesse jeunes lecteurs apprendre à lire petits livres livres illustrés illustrations lectures pour petits disparitions recherches amis inquiétudes espoirs enquêtes surprises retrouvailles</keywords>
	<languageID>2</languageID>
	<createdON>11.11.2016 11:10:21</createdOn>
	<authors>Léon Tolstoï</authors>
</xml>
<xml>
	<title>Histoire du luxe privé et public depuis l'Antiquité jusqu'à nos jours</title>
	<subtitle>Tome I - Théorie du luxe - Le Luxe primitif - Le Luxe dans l'Orient antique et moderne - Le Luxe en Grèce</subtitle>
	<isbn>9782335169256</isbn>
	<pageCount>559</pageCount>
	<keywords>Histoire du luxe privé et public depuis l'Antiquité jusqu'à nos jours Tome I Théorie du luxe Le Luxe primitif Le Luxe dans l'Orient antique et moderne Le Luxe en Grèce Henri Baudrillart éditions Ligaran ebooks littérature domaine public oeuvres classiques oeuvres indisponibles essais historiques sociologie études histoires richesses civilisations moeurs coutumes traditions Antiquité</keywords>
	<languageID>2</languageID>
	<createdON>11.11.2016 14:23:59</createdOn>
	<authors>Heidi Dubos</authors>
</xml>
<xml>
	<title>Summary: Louder than Words</title>
	<subtitle>Review and Analysis of Henry's Book</subtitle>
	<isbn>9782511040973</isbn>
	<pageCount>20</pageCount>
	<keywords>Louder than Words Bernhard SchroederTodd Henry Summary & Analysis Review Must Read Summaries communication & social skills authentic voice entrepreneurship social media consumer psychology understanding the customer communication strategies & techniques personal development</keywords>
	<languageID>1</languageID>
	<createdON>11.11.2016 13:09:12</createdOn>
	<authors>Eric Lysøe</authors>
</xml>
<xml>
	<title>Pourquoi j'ai mangé mon père</title>
	<subtitle>Analyse complète de l'oeuvre</subtitle>
	<isbn>9782511035153</isbn>
	<pageCount>7</pageCount>
	<keywords>Roy Lewis Pourquoi j'ai mangé mon père Fichesdelecture.com ebooks fiches de lecture littérature française résumés détaillés collèges lycées références littéraires éducation nationale théories littéraires axes d'analyse critiques outils pédagogiques enseignements parascolaires</keywords>
	<languageID>2</languageID>
	<createdON>11.11.2016 13:12:32</createdOn>
	<authors>Louis Levêque</authors>
</xml>
<xml>
	<title>Aux sources de notre nourriture</title>
	<subtitle>Nikolaï Vavilov et la découverte de la biodiversité</subtitle>
	<isbn>9782511006528</isbn>
	<pageCount>304</pageCount>
	<keywords>récit de voyage biodiversité alimentaire nourriture alimentation mondialisation biodiversité slow-food semences cuisine climat OGM environnement agriculture récit de voyage histoire biographie biologie consommation locale redécouverte de variétés anciennes histoire soviétique Staline céréale maghreb Ethiopie kazakhstan forêt amazonienne</keywords>
	<languageID>2</languageID>
	<createdON>11.11.2016 10:38:08</createdOn>
	<authors>Victor Alfieri</authors>
</xml>
<xml>
	<title>Gamiani</title>
	<subtitle>ou Deux nuits d'excès</subtitle>
	<isbn>9782335121582</isbn>
	<pageCount>34</pageCount>
	<keywords>Gamiani ou Deux nuits d'excès Alfred de Musset Ligaran ebooks œuvres domaine public œuvres indisponibles littérature classique littérature française 19e siècle littérature érotique histoire pornographique passions alfred de musset débauches aristocratie française amours george land homosexualité voyeurisme masturbation viols nécrophilie zoophilie</keywords>
	<languageID>2</languageID>
	<createdON>11.11.2016 13:35:01</createdOn>
	<authors>Un groupe de petites sœurs et petits frères</authors>
</xml>
<xml>
	<title>La Tour Saint-Jacques-de-la-boucherie</title>
	<subtitle>Paris ou le Livre des cent-et-un</subtitle>
	<isbn>9782335078251</isbn>
	<pageCount>21</pageCount>
	<keywords>Auguste de Santeul La Tour Saint-Jacques-de-la-boucherie Paris ou le Livre des cent-et-un Ligaran éditions ebooks nouvelles littérature française classiques XIXe siècle carnets et récits de voyages fictions</keywords>
	<languageID>2</languageID>
	<createdON>11.11.2016 14:27:18</createdOn>
	<authors>Aurelia Jane Lee</authors>
</xml>
<xml>
	<title>How they live... Predators</title>
	<subtitle>Learn All There Is to Know About These Animals!</subtitle>
	<isbn>9789616978156</isbn>
	<pageCount>10</pageCount>
	<keywords>How they live... Predators David Withrington Ivan Esenko Okasi editions ebooks non-fiction for children beginning and young readers illustrations illustrated books animals life picture books education nature environments brown bears lynx tigers fox</keywords>
	<languageID>1</languageID>
	<createdON>11.11.2016 12:01:39</createdOn>
	<authors>Aissa Kadri</authors>
</xml>
<xml>
	<title>Ferdinande Island</title>
	<subtitle>Nouvelle fantastique</subtitle>
	<isbn>9791023401851</isbn>
	<pageCount>12</pageCount>
	<keywords>Ferdinande Island Franck Membribe Éditions Ska ebooks Mélanges littérature française nouvelles noires nouvelles fantastiques fictions suspenses mystères actions volcans nouvelles aventures péripéties îles</keywords>
	<languageID>2</languageID>
	<createdON>11.11.2016 14:06:19</createdOn>
	<authors>Adeline Paulian-Pavageau</authors>
</xml>
