<xml>
	<title>Mémoires de nos pères et Lettres d'Iwo Jima de Clint Eastwood</title>
	<subtitle>Les Fiches Cinéma d'Universalis</subtitle>
	<isbn>9782341008419</isbn>
	<pageCount>20</pageCount>
	<keywords>Mémoires de nos pères et Lettres d'Iwo Jima de Clint Eastwood fiches cinéma Encyclopaedia Universalis ebooks cinéma films américains films de guerre films complémentaires point de vue américain point de vue japonais lettres retrouvées correspondances de guerre Golden Globes Oscars nombreux prix de cinéma acteurs actrices cinéastes réalisateurs auteurs metteurs en scène scénaristes cinématographie</keywords>
	<languageID>2</languageID>
	<createdON>11.11.2016 14:32:33</createdOn>
	<authors>Evelyne Dress</authors>
</xml>
<xml>
	<title>Summary: Liberalism is a Mental Disorder</title>
	<subtitle>Review and Analysis of Michael Savage's Book</subtitle>
	<isbn>9782511001165</isbn>
	<pageCount>44</pageCount>
	<keywords>Liberalism is a Mental Disorder Michael Savage political summary liberalism Islamofascism American civilization immigration controversy lawsuit abuse homeland security society</keywords>
	<languageID>1</languageID>
	<createdON>02.02.2017 08:53:05</createdOn>
	<authors>Guy de Maupassant</authors>
</xml>
<xml>
	<title>Tous les matins du monde de Pascal Quignard - Chapitre 15</title>
	<subtitle>Commentaire de texte</subtitle>
	<isbn>9782806233264</isbn>
	<pageCount>10</pageCount>
	<keywords>Tous les matins du monde Quignard commentaire littéraire littérature XXe siècle littérature française Sainte Colombe Marin Marais grands classiques La Main d’oublies outils pédagogiques parascolaire critique littéraire enseignement fiche de lecture analyse littéraire profil d'une oeuvre lepetitlitteraire.fr le petit litteraire analyse du livre</keywords>
	<languageID>2</languageID>
	<createdON>11.11.2016 10:57:16</createdOn>
	<authors> 50Minutos</authors>
</xml>
<xml>
	<title>Monsieur Ibrahim et les Fleurs du Coran d'Éric-Emmanuel Schmitt (Analyse de l'oeuvre)</title>
	<subtitle>Comprendre la littérature avec lePetitLittéraire.fr</subtitle>
	<isbn>9782806284648</isbn>
	<pageCount>30</pageCount>
	<keywords>Monsieur Ibrahim et les Fleurs du Coran Eric-Emmanuel Schmitt Littérature grands classiques outils pédagogiques parascolaire critiques littéraires enseignement fiches de lecture analyses littéraires profil d'une oeuvre lepetitlitteraire.fr le petit litteraire analyses du livre</keywords>
	<languageID>2</languageID>
	<createdON>28.12.2016 11:54:20</createdOn>
	<authors>Petit Guide</authors>
</xml>
<xml>
	<title>Léviathan</title>
	<subtitle>Analyse complète de l'oeuvre</subtitle>
	<isbn>9782511034637</isbn>
	<pageCount>5</pageCount>
	<keywords>Julien Green Léviathan Fichesdelecture.com ebooks fiches de lecture littérature française résumés détaillés collèges lycées références littéraires éducation nationale théories littéraires axes d'analyse critiques outils pédagogiques enseignements parascolaires</keywords>
	<languageID>2</languageID>
	<createdON>11.11.2016 13:11:11</createdOn>
	<authors>BusinessNews Publishing</authors>
</xml>
