<xml>
	<title>Les Démons de Fiodor Dostoïevski</title>
	<subtitle>Les Fiches de lecture d'Universalis</subtitle>
	<isbn>9782852292444</isbn>
	<pageCount>16</pageCount>
	<keywords>Fiodor Dostoïevski Les Démons encyclopédie universalis littérature littéraire classique contemporaine guide auteur lecture analyse critique fiche résumés aide études œuvre scolaires parascolaires bac de français prépa enseignants repères</keywords>
	<languageID>2</languageID>
	<createdON>11.11.2016 13:44:25</createdOn>
	<authors>John-Erich Nielsen</authors>
</xml>
<xml>
	<title>Richard Long ou la sculpture en marchant (Nice - 2008)</title>
	<subtitle>Les Fiches Exposition d'Universalis</subtitle>
	<isbn>9782341010030</isbn>
	<pageCount>25</pageCount>
	<keywords>Richard Long ou la sculpture en marchant (Nice - 2008) Les Fiches Exposition d'Universalis Encyclopaedia Universalis ebooks encyclopédies articles critiques d'art expositions temporaires musées musée d’Art moderne et d’Art contemporain de Nice expositions éphémères sculpture sculpteurs artistes art contemporain land art photographies pierres argile peinture corps</keywords>
	<languageID>2</languageID>
	<createdON>11.11.2016 13:21:02</createdOn>
	<authors> Ligaran</authors>
</xml>
<xml>
	<title>The Fun Street Friends and the Cardboard Box</title>
	<subtitle>Kids Books</subtitle>
	<isbn>9782511023440</isbn>
	<pageCount>26</pageCount>
	<keywords>The Fun Street Friends and the Cardboard Box Simon Abbott The Fun Street Friends volume 3 Caramel Editions ebooks short stories for children short stories book for children beginning reader young reader children youth illustrations illustrated books illustrated stories learn how to read boredom games bad weather boxes imagination crafting spaceships ships boats camping animals ghosts discovery forests airplanes research beds nests naps friends amusement</keywords>
	<languageID>1</languageID>
	<createdON>11.11.2016 11:56:42</createdOn>
	<authors>F.B Charpentier</authors>
</xml>
<xml>
	<title>El concepto de la estrategia del océano azul </title>
	<subtitle>Las claves del famoso método para superar a la competencia </subtitle>
	<isbn>9782806274496</isbn>
	<pageCount>66</pageCount>
	<keywords> El concepto de la estrategia del océano azul 50Minutos.esguías prácticasW. Chan Kim y Renée Mauborgne océanos azules y océanos rojos estrategia corporativa marketing y empresa innovación en valor y innovación útil estimulación y creatividad debilidades y fortalezas alternativas de negocio superar a la competencia éxito conquista de clientes nuevas demandas tendencias rendimiento Blue Ocean Strategy Institute INSEAD volumen de ventas ganar la batalla competitiva</keywords>
	<languageID>3</languageID>
	<createdON>11.11.2016 14:09:48</createdOn>
	<authors>Guillaume Peris</authors>
</xml>
<xml>
	<title>Faites vos apéritifs et vos liqueurs … à votre goût</title>
	<subtitle>Pour les amateurs du fait maison !</subtitle>
	<isbn>9782868194046</isbn>
	<pageCount>48</pageCount>
	<keywords>Faites vos apéritifs et vos liqueurs … à votre goût J.-A. Chandon Éditions Utovie ebooks livres pratiques guides conseils fabrications astuces méthodes apéritifs liqueurs goûts ingrédients provenances respect nature respect saisons techniques recettes explications agriculture biologique certifiée self made choix</keywords>
	<languageID>2</languageID>
	<createdON>11.11.2016 13:40:46</createdOn>
	<authors>Charles Richet</authors>
</xml>
<xml>
	<title>Poésies de Stéphane Mallarmé</title>
	<subtitle>Les Fiches de lecture d'Universalis</subtitle>
	<isbn>9782852291898</isbn>
	<pageCount>16</pageCount>
	<keywords>Stéphane Mallarmé Poésies encyclopédie universalis littérature littéraire classique contemporaine guide auteur lecture analyse critique fiche résumés aide études œuvre scolaires parascolaires bac de français prépa enseignants repères</keywords>
	<languageID>2</languageID>
	<createdON>11.11.2016 10:11:08</createdOn>
	<authors>Charles Richet</authors>
</xml>
<xml>
	<title>Atala</title>
	<subtitle></subtitle>
	<isbn>9782335008616</isbn>
	<pageCount>37</pageCount>
	<keywords>Atala François-René de Chateaubriand Ligaran littérature française XIXe roman romantisme Chactas</keywords>
	<languageID>2</languageID>
	<createdON>11.11.2016 10:27:58</createdOn>
	<authors>Maurice Carême</authors>
</xml>
<xml>
	<title>Calcul du prix de revient</title>
	<subtitle>Rentabiliser les coûts de production et de distribution pour les chefs d'entreprises belges</subtitle>
	<isbn>9782511017159</isbn>
	<pageCount>302</pageCount>
	<keywords>Emmanuel Hachez Calcul du prix de revient EdiPro éditions ebooks guides pratiques sur l'économie belge chiffres d'affaires investissements rentabilités chefs et responsables d'entreprises entrepreunariats prix d'achat bénéfices pertes coûts par activités coûts caractéristiques produits gestion stratégies réalités économiques finances productions distributions Belgique</keywords>
	<languageID>2</languageID>
	<createdON>11.11.2016 12:07:35</createdOn>
	<authors>Jules Verne</authors>
</xml>
<xml>
	<title>Charmes</title>
	<subtitle>Saga fantastique</subtitle>
	<isbn>9791090635449</isbn>
	<pageCount>332</pageCount>
	<keywords>Charmes Le Monde des Aveugles Tome 1 Imaine Soudani Editions Noir au blanc ebooks romans fantastiques romans fantasy romances romans sentimentaux romans d'aventures bit-lit sagas séries pouvoirs surnaturels amour créatures mystérieuses ténèbres mystères guerres lumières histoires d'amour équilibres</keywords>
	<languageID>2</languageID>
	<createdON>05.04.2017 08:39:08</createdOn>
	<authors>Éléonore Quinaux</authors>
</xml>
<xml>
	<title>Leif Erikson </title>
	<subtitle>El descubrimiento de América</subtitle>
	<isbn>9782806277824</isbn>
	<pageCount>31</pageCount>
	<keywords>Leif Erikson y el descubrimiento de América en50Minutos.es en 50 minutos año 970 Edad Media siglo X Groenlandia Islandia Vinland vikingos exploraciones descubrimientos colonias Labrador Terranova explorador riquezas Erik el Rojo</keywords>
	<languageID>3</languageID>
	<createdON>11.11.2016 13:23:02</createdOn>
	<authors> 50Minutes</authors>
</xml>
<xml>
	<title>Des vers</title>
	<subtitle>Lettres de Mme Laure de Maupassant à Gustave Flaubert - Poésies inédites</subtitle>
	<isbn>9782335097429</isbn>
	<pageCount>159</pageCount>
	<keywords>Des vers Lettres de Mme Laure de Maupassant à Gustave Flaubert - Poésies inédites Guy de Maupassant Ligaran ebooks œuvres domaine public œuvres indisponibles littérature littérature classique littérature française nouvelles critiques sociales sociétés françaises 19e siècle bourgeoisies naturalisme réalismes fantastiques pessimismes normandie amours</keywords>
	<languageID>2</languageID>
	<createdON>11.11.2016 12:28:16</createdOn>
	<authors>Encyclopaedia Universalis</authors>
</xml>
<xml>
	<title>Le Tsar des étoiles</title>
	<subtitle>Tome 1 - Saga de science-fiction</subtitle>
	<isbn>9782372250153</isbn>
	<pageCount>228</pageCount>
	<keywords>Pierre Gévart Le Tsar des étoiles éditions Atria ebooks Le sommeil des dieux science-fiction romans d'anticipation projet prométhée espace expédition dans l'espace voyages vaisseau-monde navette spatiale projet spatial planètes colonisation spatiale futur</keywords>
	<languageID>2</languageID>
	<createdON>11.11.2016 12:04:41</createdOn>
	<authors> Collectif</authors>
</xml>
<xml>
	<title>Nuit montmartroise</title>
	<subtitle></subtitle>
	<isbn>9782335168389</isbn>
	<pageCount>131</pageCount>
	<keywords>Nuit montmartroise Delphi Fabrice A. Douhin éditions Ligaran ebooks littérature française domaine public oeuvres classiques oeuvres indisponibles romans français romans sentimentaux romans d'aventures romans populaires récits humoritiques livres illustrés Montmartre amour humour dialogues criminels enquêtes arrestations provinces</keywords>
	<languageID>2</languageID>
	<createdON>11.11.2016 13:26:01</createdOn>
	<authors>Encyclopaedia Universalis</authors>
</xml>
<xml>
	<title>Inteligencia emocional</title>
	<subtitle>Una guía útil para mejorar tu vida</subtitle>
	<isbn>9788416669561</isbn>
	<pageCount>144</pageCount>
	<keywords>Inteligencia Emocional Una guía útil para mejorar tu vida Marta Guerri Mestas Ediciones ebooks guías libros prácticos trucos faciles metodos ejemplos consejosautomotivaciones emociones sentimientosvoluntadesmentalesadaptacionesambiciones responsabilidadesestilos de vida personalidades estréstrabajoscarvolontcteres bienestarfilosofias de vidascambiosfelizfelicidades</keywords>
	<languageID>3</languageID>
	<createdON>11.11.2016 13:42:54</createdOn>
	<authors>Hippolyte de Villemessant</authors>
</xml>
<xml>
	<title>Terres interdites - Tome 1</title>
	<subtitle>L'enfant de la prophétie</subtitle>
	<isbn>9791023603873</isbn>
	<pageCount>340</pageCount>
	<keywords>Terres interdites L'enfant de la prophétie Tome 1 Rébecca Monnery Publishroom ebooks romans fantasy romans fantastiques romans d'aventures sagas mondes imaginaires créatures fantastiques quêtes initiatiques épreuves culture tribale quêtes de soi prophétiespeuples  guerriers rivalités frères ennemis destinées destins tribus terres nouvelles missions traditions coutumes guides</keywords>
	<languageID>2</languageID>
	<createdON>11.11.2016 11:26:31</createdOn>
	<authors>Robert Louis Stevenson</authors>
</xml>
<xml>
	<title>Rochers de lettrés. Itinéraires de l'art en Chine (Paris-2012)</title>
	<subtitle>Les Fiches Exposition d'Universalis</subtitle>
	<isbn>9782341010351</isbn>
	<pageCount>25</pageCount>
	<keywords>Rochers de lettrés. Itinéraires de l'art en Chine (Paris-2012) Les Fiches Exposition d'Universalis Encyclopaedia Universalis ebooks encyclopédies articles critiques d'art expositions temporaires musées musée Guimet expositions éphémères art chinois objets intellectuels chinois pierres civilisation chinoise culture ancienne mouvements courbes contemplation</keywords>
	<languageID>2</languageID>
	<createdON>11.11.2016 14:54:22</createdOn>
	<authors>Jérémy Bouquin</authors>
</xml>
<xml>
	<title>Physiologie du Cocu</title>
	<subtitle>Considérations biscornues, par une bête sans cornes</subtitle>
	<isbn>9782335037739</isbn>
	<pageCount>97</pageCount>
	<keywords>Physiologie du Cocu Considérations biscornues, par une bête sans cornes Paul de Kock Ligaran littérature française XIXe romans humoristiques humour parodies écrivains français</keywords>
	<languageID>2</languageID>
	<createdON>11.11.2016 11:42:19</createdOn>
	<authors>BusinessNews Publishing</authors>
</xml>
<xml>
	<title>Oxygène ou les chemins de Mortmandie</title>
	<subtitle>Roman d'aventures</subtitle>
	<isbn>9782874892301</isbn>
	<pageCount>124</pageCount>
	<keywords>André-Marcel Adamek Oxygène ou les chemins de Mortmandie Plumes du coq Weyrich édition ebooks romans d'aventures littérature belge francophone contemporaine XXe siècle prisons prisonniers détenus visites mystères fictions psychologiques</keywords>
	<languageID>2</languageID>
	<createdON>11.11.2016 10:47:38</createdOn>
	<authors>Les Grands Articles</authors>
</xml>
<xml>
	<title>Summary: Ben & Jerry's: The Inside Scoop</title>
	<subtitle>Review and Analysis of Lager's Book</subtitle>
	<isbn>9782806222817</isbn>
	<pageCount>10</pageCount>
	<keywords>Ben & Jerry's: The Inside Scoop Summary & Analysis Review Fred "Chico" Lager company success story successful businessmen business ethics & social conscience company growth business innovation market leadership humor ice cream Must Read Summaries </keywords>
	<languageID>1</languageID>
	<createdON>11.11.2016 13:57:15</createdOn>
	<authors>Juan Antonio Guerrero Cañongo</authors>
</xml>
<xml>
	<title>Anna Karenina by Leo Tolstoy (Book Analysis)</title>
	<subtitle>Detailed Summary, Analysis and Reading Guide</subtitle>
	<isbn>9782806273321</isbn>
	<pageCount>24</pageCount>
	<keywords> Leo Tolstoy Anna Karenina BrightSummaries.Com summary book analysis reading guides study aids book notes love adultery Russia 19th century politics society religion conventions tragedy woman condition</keywords>
	<languageID>1</languageID>
	<createdON>11.11.2016 15:01:08</createdOn>
	<authors>Encyclopaedia Universalis</authors>
</xml>
<xml>
	<title>Le droit au mensonge</title>
	<subtitle></subtitle>
	<isbn>9782804498900</isbn>
	<pageCount>434</pageCount>
	<keywords>mensongeliberté d’expressionfauxescroquerieimposture</keywords>
	<languageID>2</languageID>
	<createdON>06.04.2017 08:42:37</createdOn>
	<authors> Collectif</authors>
</xml>
<xml>
	<title>François le Champi</title>
	<subtitle></subtitle>
	<isbn>9782335012460</isbn>
	<pageCount>149</pageCount>
	<keywords>George Sand François le Champi Ligaran romans romantiques romans champêtres littérature française XIXe siècle 19e Zabelle</keywords>
	<languageID>2</languageID>
	<createdON>11.11.2016 11:38:45</createdOn>
	<authors>Jeff Keustermans</authors>
</xml>
<xml>
	<title>Les Misérables by Victor Hugo (Book Analysis)</title>
	<subtitle>Detailed Summary, Analysis and Reading Guide</subtitle>
	<isbn>9782806270283</isbn>
	<pageCount>24</pageCount>
	<keywords>Victor Hugo Les Misérables BrightSummaries.com summary book analysis reading guides study aids book notes poverty & misery love death religion redemption revolution literature classics French history</keywords>
	<languageID>1</languageID>
	<createdON>11.11.2016 14:59:28</createdOn>
	<authors>BusinessNews Publishing</authors>
</xml>
<xml>
	<title>Les petits théâtres du boulevart</title>
	<subtitle>Paris ou le Livre des cent-et-un</subtitle>
	<isbn>9782335077995</isbn>
	<pageCount>37</pageCount>
	<keywords>Stanislas Macaire Les petits théâtres du boulevart Paris ou le Livre des cent-et-un Ligaran éditions ebooks nouvelles littérature française classiques XIXe siècle études des mœurs et des sociétés anthropologie sociologie littéraire fictions</keywords>
	<languageID>2</languageID>
	<createdON>11.11.2016 14:25:40</createdOn>
	<authors>Léon Tolstoï</authors>
</xml>
<xml>
	<title>Les Beaux Sentiments</title>
	<subtitle>Le récit de vie d'un enseignant</subtitle>
	<isbn>9782882413420</isbn>
	<pageCount>390</pageCount>
	<keywords>Les Beaux Sentiments Jacques-Étienne Bovard Bernard Campiche Éditeur ebooks romans de mœurs romans psychologique suicide jeunesse éducations problèmes maltraitances enseignements quêtes identitaires convictions combats idées professeurs existence prise de conscience léthargie activisme volonté ambition changements investissements évolutions élévations rencontres amours amitiés sentiements littérature générale littérature francophone</keywords>
	<languageID>2</languageID>
	<createdON>11.11.2016 11:37:37</createdOn>
	<authors>Christian de Maussion</authors>
</xml>
<xml>
	<title>Summary: Indivisible</title>
	<subtitle>Review and Analysis of Martha Zoller's Book</subtitle>
	<isbn>9782511001004</isbn>
	<pageCount>44</pageCount>
	<keywords>Indivisible Martha Zoller political summary uniting values conservative opinion party politics media ideology</keywords>
	<languageID>1</languageID>
	<createdON>02.02.2017 08:54:14</createdOn>
	<authors> lePetitLitteraire</authors>
</xml>
<xml>
	<title>De la barbarie de ce temps</title>
	<subtitle>Paris ou le Livre des cent-et-un</subtitle>
	<isbn>9782335077568</isbn>
	<pageCount>20</pageCount>
	<keywords>Etienne-Jean Delécluze De la barbarie de ce temps Paris ou le Livre des cent-et-un Ligaran éditions ebooks nouvelles littérature française classiques XIXe siècle fictions</keywords>
	<languageID>2</languageID>
	<createdON>11.11.2016 12:45:26</createdOn>
	<authors>Philip Kotler</authors>
</xml>
<xml>
	<title>Empire</title>
	<subtitle>1804-1805</subtitle>
	<isbn>9782335075120</isbn>
	<pageCount>153</pageCount>
	<keywords>Napoléon Ier Empire 1804-1805 Ligaran éditions ebooks autobiographies historiques mémoires histoire française France XIXe siècle Napoléon Bonaparte</keywords>
	<languageID>2</languageID>
	<createdON>11.11.2016 14:27:06</createdOn>
	<authors>Didier Carré</authors>
</xml>
<xml>
	<title>Comment j'ai couché avec Roger Federer</title>
	<subtitle>Lettre d'amour poétique</subtitle>
	<isbn>9782366260540</isbn>
	<pageCount>64</pageCount>
	<keywords>Comment j’ai couché avec Roger Federer Philippe Roi Lucquin ebooks lettres d’amour fiction ebooks indés littérature française roman français mélancolies dépressions envies guérisons se battre fantasmes provocations passions accompagner matchs Roland-Garros tennis</keywords>
	<languageID>2</languageID>
	<createdON>11.11.2016 12:36:44</createdOn>
	<authors>Cécile Valey</authors>
</xml>
<xml>
	<title>Méditations cartésiennes d'Edmund Husserl</title>
	<subtitle>Les Fiches de lecture d'Universalis</subtitle>
	<isbn>9782852295254</isbn>
	<pageCount>16</pageCount>
	<keywords>Edmund Husserl Méditations cartésiennes encyclopédie universalis littérature littéraire classique contemporaine guide auteur lecture analyse critique fiche résumés aide études œuvre scolaires parascolaires bac de français prépa enseignants repères</keywords>
	<languageID>2</languageID>
	<createdON>11.11.2016 13:52:34</createdOn>
	<authors> 50Minutes</authors>
</xml>
<xml>
	<title>Histoire de la divination dans l'Antiquité</title>
	<subtitle>Tome III - Oracles des dieux (suite) - Oracles des héros et des morts - Oracles exotiques hellénisés</subtitle>
	<isbn>9782335168044</isbn>
	<pageCount>413</pageCount>
	<keywords>Histoire de la divination dans l'Antiquité Tome III - Oracles des dieux (suite) - Oracles des héros et des morts - Oracles exotiques hellénisés Auguste Bouché-Leclercq éditions Ligaran ebooks littérature domaine public oeuvres classiques oeuvres indisponibles essais historiques études arts divinatoires sacerdoces devins oracles divinités mythologie cultes dieux déesses prêtres légendes croyances Antiquité romaine Antiquité grecque</keywords>
	<languageID>2</languageID>
	<createdON>11.11.2016 14:39:07</createdOn>
	<authors>Michèle Corfdir</authors>
</xml>
<xml>
	<title>Cap sur la gouvernance des PME</title>
	<subtitle>Guide (Droit belge)</subtitle>
	<isbn>9782874557828</isbn>
	<pageCount>136</pageCount>
	<keywords>Cap sur la gouvernance des PME Guide conformité droit belge Belgique Sibylle du Bus de Warnaffe Lutgart Van den Berghe Belgique Anthemis éditions ebooks ouvrages pratiques guides législations petites et moyennes entreprises entrepreneurs conseils</keywords>
	<languageID>2</languageID>
	<createdON>11.11.2016 12:09:04</createdOn>
	<authors>Laurence Binon</authors>
</xml>
<xml>
	<title>Je m'accuse...</title>
	<subtitle></subtitle>
	<isbn>9782335167061</isbn>
	<pageCount>163</pageCount>
	<keywords>Je m'accuse... Léon Bloy éditions Ligaran ebooks littérature domaine public oeuvres classiques oeuvres indisponibles essais réponses critiques pamphlets méditations livres illustrés affaire Dreyfus politique française J'accuse Emile Zola réflexions attaques</keywords>
	<languageID>2</languageID>
	<createdON>11.11.2016 14:42:41</createdOn>
	<authors>Désirée Royale</authors>
</xml>
<xml>
	<title>Humanisme chrétien et Humanisme athée</title>
	<subtitle></subtitle>
	<isbn>9782806630513</isbn>
	<pageCount>61</pageCount>
	<keywords>Humanisme chrétien et Humanisme athée Paul Vanderlinden EME éditions humanisme chrétien humanisme athée convictions réflexion spiritualité religions cultes Dieu immortalité</keywords>
	<languageID>2</languageID>
	<createdON>11.11.2016 11:33:40</createdOn>
	<authors> Ligaran</authors>
</xml>
<xml>
	<title>Mondo et autres histoires de Le Clézio (Fiche de lecture)</title>
	<subtitle>Analyse complète de l'oeuvre</subtitle>
	<isbn>9782511025741</isbn>
	<pageCount>24</pageCount>
	<keywords>Fiche de lecture Mondo et autres histoires Le Clézio résumé analyse détaillée éducation nationale collège lycée analyse littéraire théorie littéraire œuvre classique roman pièce de théâtre auteur classique référence littéraire</keywords>
	<languageID>2</languageID>
	<createdON>11.11.2016 11:09:48</createdOn>
	<authors> lePetitLittéraire.fr</authors>
</xml>
<xml>
	<title>Summary: The Power of Why</title>
	<subtitle>Review and Analysis of Weylman's Book</subtitle>
	<isbn>9782511024348</isbn>
	<pageCount>15</pageCount>
	<keywords>The Power Of Why C. Richard Weylman Summary & Analysis Review Must Read Summaries marketing & advertising promotion & branding sales & selling business success customer-centric thinking customer experience & satisfaction improving company performance product management differentiation management & strategy</keywords>
	<languageID>1</languageID>
	<createdON>11.11.2016 11:57:00</createdOn>
	<authors>Delphine Leloup</authors>
</xml>
<xml>
	<title>La légende de la mort chez les Bretons armoricains</title>
	<subtitle>Tome II</subtitle>
	<isbn>9782335163353</isbn>
	<pageCount>402</pageCount>
	<keywords>La légende de la mort chez les Bretons armoricains Tome II Anatole Le Braz Éditions Ligaran ebooks domaine public œuvres indisponibles littérature œuvres classiques recueils légendes mort Les noyés Les villes englouties Les assassinés et les pendus L’Anaon Les fêtes des âmes Les pèlerinages des âmes Les revenants Les morts malfaisants Conjurations et conjurés, Enfer Paradis</keywords>
	<languageID>2</languageID>
	<createdON>11.11.2016 10:19:47</createdOn>
	<authors>Isabelle Letélié</authors>
</xml>
<xml>
	<title>Tristan et Yseult</title>
	<subtitle></subtitle>
	<isbn>9782335014778</isbn>
	<pageCount>148</pageCount>
	<keywords>Anonyme Tristan et Yseult Bretagne littératture bretonne mythes traditions orales origines celtiques celtes littérature française légendes</keywords>
	<languageID>2</languageID>
	<createdON>11.11.2016 10:34:55</createdOn>
	<authors>Célia Ramain</authors>
</xml>
<xml>
	<title>Summary: Six Action Shoes</title>
	<subtitle>Review and Analysis of de Bono's Book</subtitle>
	<isbn>9782511018255</isbn>
	<pageCount>15</pageCount>
	<keywords>Six Action Shoes Edward De Bono Summary & Analysis Review Must Read Summaries strategies action modes personal & professional success decision making & problem solving creativity effective management</keywords>
	<languageID>1</languageID>
	<createdON>11.11.2016 14:36:12</createdOn>
	<authors> Ligaran</authors>
</xml>
<xml>
	<title>Du côté de chez Swann</title>
	<subtitle>Analyse complète de l'oeuvre</subtitle>
	<isbn>9782511032152</isbn>
	<pageCount>6</pageCount>
	<keywords>Du côté de chez Swann Marcel Proust Analyse complète de l'œuvre Fichesdelecture.com ebooks fiches de lecture littérature française résumés détaillés collèges lycées références littéraires éducation nationale théories littéraires axes d'analyse critiques outils pédagogiques enseignements parascolaires A la recherche du temps perdu</keywords>
	<languageID>2</languageID>
	<createdON>11.11.2016 13:16:45</createdOn>
	<authors>Alphonse Karr</authors>
</xml>
<xml>
	<title>Raga Mala Ma vie en musique</title>
	<subtitle>Mémoires d'un des plus grands musiciens de musique traditionnelle indienne</subtitle>
	<isbn>9782369561200</isbn>
	<pageCount>352</pageCount>
	<keywords>Ravi Shankar Catherine Baldisserr Raga Mala Ma vie en musique Editions Intervalles ebooks autobiographies mémoires témoignages musiques indiennes et traditionnelles musiciens sitars Inde festivals tournées Woodstock Monterrey George Harrison Beatles Rolling Stones Norah Jones cultures</keywords>
	<languageID>2</languageID>
	<createdON>11.11.2016 12:59:05</createdOn>
	<authors>Encyclopaedia Universalis</authors>
</xml>
<xml>
	<title>Réponse à Sir Walter Scott</title>
	<subtitle>Sur son "Histoire de Napoléon"</subtitle>
	<isbn>9782335165319</isbn>
	<pageCount>153</pageCount>
	<keywords>Réponse à Sir Walter Scott Sur son "Histoire de Napoléon" Louis Bonaparte Éditions Ligaran ebooks domaine public œuvres classiques œuvres indisponibles essais historiques commentaires remarques analyses défense Histoire souvenirs biographies autobiographies mémoires</keywords>
	<languageID>2</languageID>
	<createdON>11.11.2016 10:53:20</createdOn>
	<authors> fichesdelecture.com</authors>
</xml>
<xml>
	<title>La neige venait de l’ouest</title>
	<subtitle>Le Duigou et Bozzi- Tome 1</subtitle>
	<isbn>9782372602037</isbn>
	<pageCount>240</pageCount>
	<keywords>La neige venait de l’ouestLe Duigou et Bozzitome 1 Firmin Le Bourhis Éditions du Palémon romans policiers thrillers suspense romans psychologiques romans caritatifs financement de recherches médicales Bretagne Le Duigou Bozzi drogues démantèlements Stups policiers journalistes vengeances meutres crimes deuils amours impossibles suicides agressions preuves manipulations rencontres amitiés partenariats trio carrière policière sagas séries policières littérature générale littérature francophone</keywords>
	<languageID>2</languageID>
	<createdON>11.11.2016 11:45:27</createdOn>
	<authors>Alfredo Varona</authors>
</xml>
<xml>
	<title>Vitamines et santé</title>
	<subtitle>Adoptez un régime alimentaire sain et plein de vitalité !</subtitle>
	<isbn>9782842598174</isbn>
	<pageCount>8</pageCount>
	<keywords>Petit Guide Vitamines et santé Aedis éditions ebooks guides pratiques ouvrages de référence bien-être médecines régimes alimentaires nutritions organismes vitalité alimentations A B1 B2 B3 B5 B6 B8 B9 B12 C D E K rétinol thiamine riboflavine niacine acide pantothénique pyridoxine biotine acide folique colobamine acide ascorbique calciférol tocophérols tocotriénols phylloquinone ménaquinones bêta-carotène</keywords>
	<languageID>2</languageID>
	<createdON>11.11.2016 11:20:04</createdOn>
	<authors>Julénia Mont-Erarg Alidor</authors>
</xml>
<xml>
	<title>Pourquoi j'ai mangé mon père</title>
	<subtitle>Analyse complète de l'oeuvre</subtitle>
	<isbn>9782511035153</isbn>
	<pageCount>7</pageCount>
	<keywords>Roy Lewis Pourquoi j'ai mangé mon père Fichesdelecture.com ebooks fiches de lecture littérature française résumés détaillés collèges lycées références littéraires éducation nationale théories littéraires axes d'analyse critiques outils pédagogiques enseignements parascolaires</keywords>
	<languageID>2</languageID>
	<createdON>11.11.2016 13:12:32</createdOn>
	<authors>Louis Levêque</authors>
</xml>
<xml>
	<title>Chris Neurosis</title>
	<subtitle>ou la loi du paraître</subtitle>
	<isbn>9782876835375</isbn>
	<pageCount>132</pageCount>
	<keywords>Chris Neurosis Narkis Éditions La Compagnie Littéraire ebooks romans psychologique témoignages récits de vie dépressions anorexie maladies mentales médicaments paraître beauté chirurgie esthétique relations familiales grossesse précoce déni de parentalité enfant tristesse incompréhensions triangle amoureux littérature générale</keywords>
	<languageID>2</languageID>
	<createdON>11.11.2016 12:14:45</createdOn>
	<authors>Guy de Maupassant</authors>
</xml>
<xml>
	<title>Le Colonel Chabert</title>
	<subtitle></subtitle>
	<isbn>9782806238511</isbn>
	<pageCount>96</pageCount>
	<keywords>littérature classiques littéraires grands classiques littérature française colonel chabert balzac</keywords>
	<languageID>2</languageID>
	<createdON>11.11.2016 10:05:00</createdOn>
	<authors>Laurence Binon</authors>
</xml>
<xml>
	<title>Dictionnaire de la Théologie chrétienne</title>
	<subtitle>Les Dictionnaires d'Universalis</subtitle>
	<isbn>9782852291485</isbn>
	<pageCount>2090</pageCount>
	<keywords>Dictionnaire de la Théologie chrétienne Encyclopédie UniversalisDieu religionschristianismethéologie doctrinesfoi théologiens études exégèsesebooks préceptes religions dogmes doctrines croyances textes sacrés révélations naissancesthéologie bibliqueBiblepatristiquemédiévalemoraleœcuménisme</keywords>
	<languageID>2</languageID>
	<createdON>11.11.2016 10:57:48</createdOn>
	<authors> 50Minutos</authors>
</xml>
<xml>
	<title>Let's play with words… The Birds</title>
	<subtitle>The essential vocabulary</subtitle>
	<isbn>9789616929738</isbn>
	<pageCount>22</pageCount>
	<keywords>Ivan Esenko Alenka Vuk Trotovšek Let's play with words… The Birds Okasi ebooks non-fiction for children beginning and young readers pictures illustrations illustrated and interactive books learning vocabulary nature animals feathers plumages wings trees nests migrations owls</keywords>
	<languageID>1</languageID>
	<createdON>11.11.2016 12:43:29</createdOn>
	<authors>Christophe Vuilleumier</authors>
</xml>
<xml>
	<title>Médecins méconnus, Hommes célèbres</title>
	<subtitle>Médecine au quotidien</subtitle>
	<isbn>9782806627681</isbn>
	<pageCount>146</pageCount>
	<keywords>Robert Askenasi Médecins méconnus, Hommes célèbres Médecine au quotidien EME éditions ebooks publications universitaires ouvrages de références sur les sciences médicales histoire de la médecine biographies historiques sciences appliquées techniques Locke Clemenceau Marat Borodine Breton</keywords>
	<languageID>2</languageID>
	<createdON>11.11.2016 12:42:09</createdOn>
	<authors>Claire Cornillon</authors>
</xml>
<xml>
	<title>L'île au trésor</title>
	<subtitle></subtitle>
	<isbn>9782806232182</isbn>
	<pageCount>272</pageCount>
	<keywords>littérature classiques littéraires grands classiques littérature anglaise roman d'aventures l'ile au trésors stevenson</keywords>
	<languageID>2</languageID>
	<createdON>11.11.2016 10:42:45</createdOn>
	<authors>Lord Byron</authors>
</xml>
<xml>
	<title>La rencontre</title>
	<subtitle>Un petit livre pour apprendre à lire</subtitle>
	<isbn>9782511023389</isbn>
	<pageCount>26</pageCount>
	<keywords>La rencontre Simon Abbott Les petits filous tome 1 Éditions Caramel ebooks littérature jeunesse histoires jeunesse jeunes lecteurs apprendre à lire petits livres livres illustrés illustrations lectures pour petits première rencontre points communs adoptions animaux amitiés aventures</keywords>
	<languageID>2</languageID>
	<createdON>11.11.2016 11:24:56</createdOn>
	<authors>Lisa Guimard</authors>
</xml>
<xml>
	<title>Mémoires et correspondances historiques et littéraires inédits (1726 à 1816)</title>
	<subtitle></subtitle>
	<isbn>9782335075953</isbn>
	<pageCount>380</pageCount>
	<keywords>Jean-Baptiste-Antoine Suard Mémoires et correspondances historiques et littéraires inédits (1726 à 1816) Ligaran éditions ebooks essais et ouvrages de références histoire politique et littéraire querelles littéraires censures études théâtrales académies</keywords>
	<languageID>2</languageID>
	<createdON>11.11.2016 11:37:18</createdOn>
	<authors>Mathieu Couplet</authors>
</xml>
<xml>
	<title>Summary: Management the Marks & Spencer Way</title>
	<subtitle>Review and Analysis of Sieff's Book</subtitle>
	<isbn>9782511017951</isbn>
	<pageCount>15</pageCount>
	<keywords>Management The Marks & Spencer Way Marcus Sieff Summary & Analysis Review Must Read Summaries personal & professional success interpersonal relationships improvement & development cooperation & collaboration community projects management techniques</keywords>
	<languageID>1</languageID>
	<createdON>11.11.2016 14:38:57</createdOn>
	<authors>BusinessNews Publishing</authors>
</xml>
<xml>
	<title>Imitation</title>
	<subtitle>Les Grands Articles d'Universalis</subtitle>
	<isbn>9782341007337</isbn>
	<pageCount>17</pageCount>
	<keywords>Imitation Encyclopaedia Universalis Les Grands Articles d'Universalis ebooks encyclopédies articles ouvrages de référence livres illustrés mouvements artistiques dada avants-gardes tableaux-manifestes poèmes-manifestes poèmes simultanés collages photomontages arts littérature figuration abstraction</keywords>
	<languageID>2</languageID>
	<createdON>13.02.2017 14:39:22</createdOn>
	<authors>Hugo Buan</authors>
</xml>
<xml>
	<title>Voyage aux îles françaises de l'Amérique</title>
	<subtitle>Témoignage</subtitle>
	<isbn>9782842658007</isbn>
	<pageCount>321</pageCount>
	<keywords>Voyage aux îles françaises de l'Amérique Jean-Baptiste Labat Éditions La Découvrance ebooks collection Découverte journal de bord témoignages récits de voyages anecdotes cultures coutumes traditions explications histoire rencontres portraits habitudes vie quotidienne remarques renseignements boutades ironies bienveillance reportages littérature générale oeuvres classiques</keywords>
	<languageID>2</languageID>
	<createdON>11.11.2016 11:12:10</createdOn>
	<authors>Frédérique Trigodet</authors>
</xml>
<xml>
	<title>Bois</title>
	<subtitle>Les Grands Articles d'Universalis</subtitle>
	<isbn>9782341002998</isbn>
	<pageCount>60</pageCount>
	<keywords>Bois Les Grands Articles d'Universalis Encyclopaedia Universalis ebooks articles encyclopédies livres illustrés biologie écologie botanique végétaux plantes sève arbres troncs écorces identifications compositions composants caractéristiques assemblages traitements usages utilisations</keywords>
	<languageID>2</languageID>
	<createdON>11.11.2016 14:51:59</createdOn>
	<authors>Veronica Podesta</authors>
</xml>
<xml>
	<title>La fragilidad del neón</title>
	<subtitle>Novela Histórica</subtitle>
	<isbn>9788415900368</isbn>
	<pageCount>238</pageCount>
	<keywords>La fragilidad del neón Juan Laborda ediciones Alrevés ebooks ficción novelas históricas democracia Francia Argelia guerras revoluciones conflicto argelino</keywords>
	<languageID>3</languageID>
	<createdON>11.11.2016 11:53:42</createdOn>
	<authors>Natalia Gaidaenko Schaer</authors>
</xml>
<xml>
	<title>Les Fourberies de Scapin</title>
	<subtitle></subtitle>
	<isbn>9782335004243</isbn>
	<pageCount>35</pageCount>
	<keywords>Les Fourberies de Scapin Molière pièce de théâtre farce comédie littérature française XVIIe siècle 17e classicisme oeuvre classique règle des trois unités temps lieu espace influence italienne roi soleil</keywords>
	<languageID>2</languageID>
	<createdON>11.11.2016 11:11:45</createdOn>
	<authors>Véronique-Anna de Montfort</authors>
</xml>
<xml>
	<title>Rhapsodies pour l'ange bleu</title>
	<subtitle>Un roman cultivé</subtitle>
	<isbn>9782875542144</isbn>
	<pageCount>304</pageCount>
	<keywords>Rhapsodies pour l'ange bleu Véronique Bergen Éditions Luce Wilquin collection Sméraldine ebooks littérature belge romans d'amour romances histoires d'amour séparations discours amoureux anges rhapsodies triangles amoureux femmes littérature culture arts musique références</keywords>
	<languageID>2</languageID>
	<createdON>20.02.2017 10:48:00</createdOn>
	<authors>Abdou Diouf</authors>
</xml>
<xml>
	<title>Le droit d'auteur</title>
	<subtitle></subtitle>
	<isbn>9782879745800</isbn>
	<pageCount>356</pageCount>
	<keywords>Le droit d'auteurDroitDroit luxembourgeoisPropriétés intellectuellesPromoculture – LarcierRegards sur le droit luxembourgeois</keywords>
	<languageID>2</languageID>
	<createdON>11.11.2016 13:53:46</createdOn>
	<authors>Georges Hallet</authors>
</xml>
<xml>
	<title>Assassins en herbe</title>
	<subtitle>Nouvelles autobiographiques</subtitle>
	<isbn>9782875860132</isbn>
	<pageCount>20</pageCount>
	<keywords>Michel Vanvaerenbergh Assassins en herbe Paroles aériennes Ker éditions ebooks nouvelles récits autobiographies pilotes mésaventures chances Bruxelles cessna 310, Angleterre</keywords>
	<languageID>2</languageID>
	<createdON>11.11.2016 11:11:16</createdOn>
	<authors>Véronique Lagny Delatour</authors>
</xml>
<xml>
	<title>El mundo de ayer de Stefan Zweig (Guía de lectura)</title>
	<subtitle>Resumen y análisis completo</subtitle>
	<isbn>9782806292377</isbn>
	<pageCount>36</pageCount>
	<keywords>Stefan Zweig El mundo de ayer ResumenExpress guía de lectura análisis del libro literatura rápida autobiografía relato histórico künstlerroman pasado y presente fe en la razón y el futuro judaísmo arte como valor supremo Primera Guerra Mundial Segunda Guerra Mundial pacifismo Europa unida conflictos bélicos artistas</keywords>
	<languageID>3</languageID>
	<createdON>24.03.2017 17:16:15</createdOn>
	<authors>Daniela Raimondi</authors>
</xml>
<xml>
	<title>Préhistoire et protohistoire en Europe</title>
	<subtitle>Les Grands Articles d'Universalis</subtitle>
	<isbn>9782852299733</isbn>
	<pageCount>60</pageCount>
	<keywords>préhistoire et protohistoire en europe encyclopédie universalis europe Paléolithique Mésolithique Néolithique protohistoire premiers peuplements premiers hommes fossiles homininés Acheuléen lignées néandertaliennes habitats paléolithique chasses préhistoire naissances métallurgie civilisations du bronze civilisations du fer groupements des habitations</keywords>
	<languageID>2</languageID>
	<createdON>11.11.2016 12:17:45</createdOn>
	<authors>Nils-Christian Ihlen-Hansen</authors>
</xml>
<xml>
	<title>Réfutation de l'Islam</title>
	<subtitle>Essai religieux</subtitle>
	<isbn>9782806608796</isbn>
	<pageCount>110</pageCount>
	<keywords>Guy Rotsaert Réfutation de l'Islam Essais religieux EME éditions ebooks publications universitaires ouvrages de références essais sur les religions théologie monothéisme doctrines et théories religieuses dogmes religieux musulmans Mahomet Coran</keywords>
	<languageID>2</languageID>
	<createdON>11.11.2016 12:42:38</createdOn>
	<authors>Stéphane Nançoz</authors>
</xml>
<xml>
	<title>The Monk: A Romance by Matthew Gregory Lewis (Book Analysis)</title>
	<subtitle>Detailed Summary, Analysis and Reading Guide</subtitle>
	<isbn>9782806276445</isbn>
	<pageCount>24</pageCount>
	<keywords>Matthew Gregory Lewis The Monk: A Romance BrightSummaries.com summary book analysis reading guides study aids book notes immorality religion evil temptation redemption gothic devil death anticlericalism</keywords>
	<languageID>1</languageID>
	<createdON>11.11.2016 14:58:07</createdOn>
	<authors>Max Obione</authors>
</xml>
<xml>
	<title>Les Perses (Fiche de lecture)</title>
	<subtitle>Analyse complète de l'oeuvre d'Eschyle</subtitle>
	<isbn>9782511025734</isbn>
	<pageCount>13</pageCount>
	<keywords>Fiche de lecture Les perses Eschyle résumé analyse détaillée éducation nationale collège lycée analyse littéraire théorie littéraire œuvre classique roman pièce de théâtre auteur classique référence littéraire</keywords>
	<languageID>2</languageID>
	<createdON>11.11.2016 11:09:32</createdOn>
	<authors>Davy Artero</authors>
</xml>
<xml>
	<title>Summary: Millionaire Republican</title>
	<subtitle>Review and Analysis of Wayne Allyn Root's Book</subtitle>
	<isbn>9782511001271</isbn>
	<pageCount>44</pageCount>
	<keywords>Millionaire Republican Wayne Allyn Root political summary economics finance business economy republicans become rich Republican Party GOP funding jobs education church attendance charity growth</keywords>
	<languageID>1</languageID>
	<createdON>02.02.2017 08:54:28</createdOn>
	<authors>Noire sœur</authors>
</xml>
<xml>
	<title>Espèces envahissantes d'ici et d'ailleurs</title>
	<subtitle>Synthèse sur les espèces envahissantes et présentation de 32 espèces</subtitle>
	<isbn>9782351911624</isbn>
	<pageCount>192</pageCount>
	<keywords>Espèces envahissantes d'ici et d'ailleurs Etienne Branquart Guillaume Fried Mardaga Editions ebooks sciences de la vie biologie écosystème biosphère biodiversité invasions biologiques luttes réchauffement climatique proliférations super espèces invasions espèces exotiques extinctions espèces perturbations mécanismes régulations solutions durables environnement algues tueuses plantes allergisantes animaux contagieux</keywords>
	<languageID>2</languageID>
	<createdON>11.11.2016 13:44:52</createdOn>
	<authors>Michel Honaker</authors>
</xml>
<xml>
	<title>Hôtel Polski</title>
	<subtitle>Analyse complète de l'oeuvre</subtitle>
	<isbn>9782511032367</isbn>
	<pageCount>11</pageCount>
	<keywords>Hôtel Polski Tecia Werbowski Analyse complète de l'œuvre Fichesdelecture.com ebooks fiches de lecture littérature française résumés détaillés collèges lycées références littéraires éducation nationale théories littéraires axes d'analyse critiques outils pédagogiques enseignements parascolaires</keywords>
	<languageID>2</languageID>
	<createdON>11.11.2016 13:16:51</createdOn>
	<authors>Anatole de Ségur</authors>
</xml>
<xml>
	<title>Luxure et gourmandise</title>
	<subtitle>En quête du bonheur</subtitle>
	<isbn>9791023600919</isbn>
	<pageCount>120</pageCount>
	<keywords>Luxure et gourmandise Kristeen Small Publishroom éditions romans sentimentaux littérature française littérature générale amours romances souvenirs biographies solitude idéal bonheur nourriture sexe quête de soi identité témoignages séductions compensations manques affectifs tentatives confiance en soi alimentation compulsive désir de plaire</keywords>
	<languageID>2</languageID>
	<createdON>11.11.2016 11:16:15</createdOn>
	<authors>Hubert Viteux</authors>
</xml>
<xml>
	<title>L'art cinétique</title>
	<subtitle>Les Dossiers d'Universalis</subtitle>
	<isbn>9782341002219</isbn>
	<pageCount>89</pageCount>
	<keywords>L'art cinétique Encyclopédie Universalis op art art luminocinétique cybernétiques art optique arts années 1960 non-art illusions d’optique moirages effets de moiré dissolutions formes dématérialisations objets installations mouvements le GRAV agam vasarély métaux</keywords>
	<languageID>2</languageID>
	<createdON>11.11.2016 11:51:26</createdOn>
	<authors> Ligaran</authors>
</xml>
<xml>
	<title>Summary: America Between the Wars</title>
	<subtitle>Review and Analysis of Derek Chollet and James Goldgeier's Book</subtitle>
	<isbn>9782511003121</isbn>
	<pageCount>44</pageCount>
	<keywords>America Between the Wars Derek Chollet James Goldgeier political summary economics 9/11 war on terror Cold War Berlin Wall superpower foreign policy political oversight</keywords>
	<languageID>1</languageID>
	<createdON>02.02.2017 08:51:56</createdOn>
	<authors>Denis Diderot</authors>
</xml>
<xml>
	<title>Summary: An Inconvenient Book</title>
	<subtitle>Review and Analysis of Glenn Beck's Book</subtitle>
	<isbn>9782511003206</isbn>
	<pageCount>44</pageCount>
	<keywords>An Inconvenient Book Glenn Beck political summary economics america's issues parody conservative climate change poverty humour political correctness skeptic </keywords>
	<languageID>1</languageID>
	<createdON>02.02.2017 08:54:50</createdOn>
	<authors>Amandine Ré</authors>
</xml>
<xml>
	<title>Ma femme est une sorcière</title>
	<subtitle>Roman fantastique</subtitle>
	<isbn>9782843625572</isbn>
	<pageCount>256</pageCount>
	<keywords>Ma femme est une sorcière Thorne Smith Editions Terre de brume ebooks romans fantastiques occultes surnaturels horreurs fantômes classiques histoire aventures dark fantasy fantastique épouses relations familiales couples romances amour</keywords>
	<languageID>2</languageID>
	<createdON>11.11.2016 14:57:27</createdOn>
	<authors>Roger de Beauvoir</authors>
</xml>
<xml>
	<title>Deux doigts dans la porte</title>
	<subtitle>Un thriller psychologique</subtitle>
	<isbn>9791025100172</isbn>
	<pageCount>179</pageCount>
	<keywords>Deux doigts dans la porte G.-J. Arnaud French Pulp éditions collection Polar ebooks thrillers polars romans noirs romans policiers suspense intrigues psychopathes pensionnats pères géniteurs jeunes filles adolescentes recherches familles assassins mystères incestesFleuve noir</keywords>
	<languageID>2</languageID>
	<createdON>09.05.2017 08:33:25</createdOn>
	<authors>Yolanda Fernández Romero</authors>
</xml>
<xml>
	<title>Beowulf (anonyme)</title>
	<subtitle>Les Fiches de Lecture d'Universalis</subtitle>
	<isbn>9782341005715</isbn>
	<pageCount>20</pageCount>
	<keywords>Beowulf auteur anonyme Les Fiches de Lecture d'Universalis Encyclopaedia Universalis ebooks encyclopédies ouvrages de référence articles fiches de lecture littérature anglaise littérature anglo-saxonne littérature scandinave littérature germanique analyses littéraires guides auteurs critiques légendes Xe siècle 10e siècle classicisme christianisme</keywords>
	<languageID>2</languageID>
	<createdON>13.01.2017 11:11:06</createdOn>
	<authors>Damien Desamory</authors>
</xml>
<xml>
	<title>Voyages littéraires sur les quais de Paris</title>
	<subtitle>Lettres à un bibliophile de province ; suivies de Mélanges tirés de quelques bouquins de la boîte à quatre sols</subtitle>
	<isbn>9782335150711</isbn>
	<pageCount>382</pageCount>
	<keywords>Voyages littéraires sur les quais de ParisLettres à un bibliophile de province  suivies de Mélanges tirés de quelques bouquins de la boîte à quatre solsAdolphe de Fontaine de ResbecqÉditions Ligaranebooksdomaine publicromans épistolairesromans lettres amitiés correspondancesvoyageslittérature française quais Paris</keywords>
	<languageID>2</languageID>
	<createdON>11.11.2016 13:58:58</createdOn>
	<authors>Arnould Galopin</authors>
</xml>
<xml>
	<title>Rien n'est vrai tout est possible</title>
	<subtitle>Aventures dans la Russie d'aujourd'hui</subtitle>
	<isbn>9782915134933</isbn>
	<pageCount>200</pageCount>
	<keywords>Rien n’est vrai tout est possible Aventures dans la Russie d'aujourd'hui Peter Pomerantsev Saint-Simon ebooks littératures reportages politiques analyses rouages médias russes télé-réalité Kremlin machines médiatiques orchestrer illusions autoritarismes argents Poutine</keywords>
	<languageID>2</languageID>
	<createdON>11.11.2016 11:50:23</createdOn>
	<authors>Linné Lharsson</authors>
</xml>
<xml>
	<title>Les plus célèbres navires de l'Histoire</title>
	<subtitle>Essai historique</subtitle>
	<isbn>9782390091073</isbn>
	<pageCount>174</pageCount>
	<keywords>Les plus célèbres navires de l'Histoire Mathilde de Jamblinne Éditions La Boîte à Pandore collection Les PLUS ebooks essais historiques livres illustrés illustrations bateaux navires vaisseaux naufrages mers Histoire marins Titanic océans Bounty Potemkine arche de Noé Nautilus mutineries navigation</keywords>
	<languageID>2</languageID>
	<createdON>07.03.2017 10:02:48</createdOn>
	<authors>Frédérique Trigodet</authors>
</xml>
<xml>
	<title>Un mousse de Surcouf</title>
	<subtitle></subtitle>
	<isbn>9782335068801</isbn>
	<pageCount>312</pageCount>
	<keywords>Pierre Maël Un mousse de Surcouf Ligaran éditions ebooks romans d'aventures historiques littérature française classiques XXe siècle histoire guerres militaires conflits contre les anglais fictions</keywords>
	<languageID>2</languageID>
	<createdON>11.11.2016 12:39:07</createdOn>
	<authors>Denis Diderot</authors>
</xml>
<xml>
	<title>La chair et le néant</title>
	<subtitle>Un roman sombre</subtitle>
	<isbn>9782359626896</isbn>
	<pageCount>268</pageCount>
	<keywords>La chair et le néant Sylvain Lapo Editions Ex Aequo collection Blanche ebooks romans sentimentaux romans psychologiques romans noirs sentiments meurtres assassinats hallucinations colères télévision médias animateurs illusions déceptions désespoir ruptures amoureuses célibat histoires d'amour</keywords>
	<languageID>2</languageID>
	<createdON>20.02.2017 08:37:09</createdOn>
	<authors>Hugues Serraf</authors>
</xml>
<xml>
	<title>Dictionnaire du Moyen Âge, littérature et philosophie</title>
	<subtitle>Les Dictionnaires d'Universalis</subtitle>
	<isbn>9782852291386</isbn>
	<pageCount>1805</pageCount>
	<keywords>Dictionnaire du Moyen Âge, littérature et philosophie Encyclopédie Universalis philosophies théologies littératures hommes idées auteurs moyen âge judaïsme islam chrétienté Occident écrivains poètes Dante chansons de geste Roman de la Rose Lancelot</keywords>
	<languageID>2</languageID>
	<createdON>11.11.2016 12:14:11</createdOn>
	<authors>Marie-Sophie Wauquez</authors>
</xml>
<xml>
	<title>Organisation et management de la fonction juridique en entreprise</title>
	<subtitle>Méthodologies, outils et bonnes pratiques</subtitle>
	<isbn>9782804456214</isbn>
	<pageCount>288</pageCount>
	<keywords>Organisation et management de la fonction juridique en entrepriseMéthodologies, outils et bonnes pratiquesCharlotte Karila-VaillantEditions Larcierebooksdroit des affairesdroit commercialentreprisescadres juridiquesdirections juridiquesstratégiesanalysesconseilsexemplestémoignagesnégociationbudgetsleadershipprofessionnelsentrepreneursoutils</keywords>
	<languageID>2</languageID>
	<createdON>11.11.2016 13:51:28</createdOn>
	<authors> Ligaran</authors>
</xml>
<xml>
	<title>Le Cid - Acte I, scène 7 - Pierre Corneille (Commentaire de texte)</title>
	<subtitle>Document rédigé par Claire Cornillon</subtitle>
	<isbn>9782806233318</isbn>
	<pageCount>24</pageCount>
	<keywords>Cid Corneillepièces de théâtrecommentaires littéraires littérature XVIIe sièclelittératures françaises Chimèneanalyses Corneille grands classiques outils pédagogiquesparascolairescritiques littérairesenseignementsfiches de lecturesanalyses littérairesprofils d'une oeuvre lepetitlitteraire.fr le petit litteraire</keywords>
	<languageID>2</languageID>
	<createdON>11.11.2016 10:44:32</createdOn>
	<authors>Noir de suiTe</authors>
</xml>
<xml>
	<title>L’anglais</title>
	<subtitle>L'essentiel</subtitle>
	<isbn>9782842597979</isbn>
	<pageCount>8</pageCount>
	<keywords>Petit Guide L’anglais L'essentiel Aedis éditions ebooks guides pratiques ouvrages de référence parascolaires éducations enseignements pédagogies didactiques langues étrangères règles linguistiques verbes irréguliers conjugaisons grammaires auxiliaires modaux faux-amis to be to have must may can will shall verbes à particules</keywords>
	<languageID>2</languageID>
	<createdON>11.11.2016 11:22:23</createdOn>
	<authors> Johann Moulin</authors>
</xml>
<xml>
	<title>L'expropriation pour cause d'utilité publique</title>
	<subtitle></subtitle>
	<isbn>9782802740858</isbn>
	<pageCount>668</pageCount>
	<keywords>L'expropriation pour cause d'utilité publiqueDroitPublic et administratifCentre Montesquieu d'études de l'action publique</keywords>
	<languageID>2</languageID>
	<createdON>11.11.2016 11:13:47</createdOn>
	<authors>Gilbert Garibal</authors>
</xml>
<xml>
	<title>Summary: Full Engagement!</title>
	<subtitle>Review and Analysis of Tracy's Book</subtitle>
	<isbn>9782511020630</isbn>
	<pageCount>15</pageCount>
	<keywords>Full Engagement! Brian Tracy Summary & Analysis Review Must Read Summaries human resources & personnel management human capital business success productivity & performance energy & enthusiasm motivating & inspiring employees corporate culture leadership</keywords>
	<languageID>1</languageID>
	<createdON>11.11.2016 12:31:42</createdOn>
	<authors>Hadrien Seret</authors>
</xml>
<xml>
	<title>Le Bois de Boulogne</title>
	<subtitle>Paris ou le Livre des cent-et-un</subtitle>
	<isbn>9782335077728</isbn>
	<pageCount>26</pageCount>
	<keywords>Amédée Gratiot Le Bois de Boulogne Paris ou le Livre des cent-et-un Ligaran éditions ebooks nouvelles littérature française classiques XIXe siècle carnets et récits de voyages fictions</keywords>
	<languageID>2</languageID>
	<createdON>11.11.2016 14:29:04</createdOn>
	<authors> Ligaran</authors>
</xml>
<xml>
	<title>Vivre avec Alzheimer </title>
	<subtitle>Comprendre la maladie au quotidien</subtitle>
	<isbn>9782804701741</isbn>
	<pageCount>245</pageCount>
	<keywords>Valentine Charlot Vivre avec Alzheimer Comprendre la maladie au quotidien Editions Mardagacollection Santé en soiebooksouvrages de référence santé mentale neuropsychologie cognition pathologies cognitives symptômes personnes âgées gérontologie traitements psychologiques et pharmacologiques témoignages mémoires repèresmédecinegériatriedémences</keywords>
	<languageID>2</languageID>
	<createdON>11.11.2016 13:40:38</createdOn>
	<authors>Alice Leveneur</authors>
</xml>
<xml>
	<title>La Guerre des boutons</title>
	<subtitle>Roman jeunesse d'aventures</subtitle>
	<isbn>9782335050394</isbn>
	<pageCount>359</pageCount>
	<keywords>La Guerre des boutons Louis Pergaud éditions Ligaran ebooks romans jeunesse d'aventures littérature française classiques XXe siècle fictions enfances enfants clans rivaux Lebrac Aztec des Gués défaites victoires stratégies tactiques butins campagne franc-comtoise Doubs France villages Longevene Velrans humour</keywords>
	<languageID>2</languageID>
	<createdON>11.11.2016 12:11:30</createdOn>
	<authors>Dominique Coutant-Defer</authors>
</xml>
<xml>
	<title>Le diagramme d'Ishikawa</title>
	<subtitle>Les liens de cause à effet</subtitle>
	<isbn>9782806262448</isbn>
	<pageCount>56</pageCount>
	<keywords>Le diagramme d'IshikawaLes liens de cause à effetAriane de Saeger50Minutes.frguides pratiquesmanuelsméthodes diagramme en arête de poisson résolution de problème gestion de la qualité 5M management matériel main-d'oeuvre moyens financiers 7M 8M 5P 5 pourquoi méthode CARREDASgrilles d'efficacité best practicesbusinessgestiondiagrammesthéories économiquesmodèlesoutilsentreprises</keywords>
	<languageID>2</languageID>
	<createdON>11.11.2016 14:10:59</createdOn>
	<authors> Mélanges</authors>
</xml>
<xml>
	<title>Summary: The Wellness Revolution</title>
	<subtitle>Review and Analysis of Pilzer's Book</subtitle>
	<isbn>9782511021941</isbn>
	<pageCount>15</pageCount>
	<keywords>The Wellness Revolution Paul Pilzer Summary & Analysis Review Must Read Summaries business success & money growing industry investment opportunity entrepreneurship distribution sports & entertainment health advice management & strategy</keywords>
	<languageID>1</languageID>
	<createdON>11.11.2016 14:45:57</createdOn>
	<authors>Karim Kaddour</authors>
</xml>
<xml>
	<title>Entre les murs de Laurent Cantet</title>
	<subtitle>Les Fiches Cinéma d'Universalis</subtitle>
	<isbn>9782341007894</isbn>
	<pageCount>20</pageCount>
	<keywords>Entre les murs de Laurent Cantet fiches cinéma Encyclopaedia Universalis ebooks cinéma film français drame comédie dramatique classe de 4e Paris 20e arrondissement classe difficile professeur de français pédagogie marginale objectifs résultats affections relations humaines Festival de Cannes Palme d'Or Césars François Bégaudeau Burak Ozyilmaz acteurs actrices cinéastes réalisateurs auteurs metteurs en scène scénaristes cinématographie</keywords>
	<languageID>2</languageID>
	<createdON>11.11.2016 14:32:27</createdOn>
	<authors>Marie Geredakis</authors>
</xml>
<xml>
	<title>Fontainebleau</title>
	<subtitle>Paysages, légendes, souvenirs, fantaisies</subtitle>
	<isbn>9782335066982</isbn>
	<pageCount>366</pageCount>
	<keywords>Collectif Fontainebleau Paysages, légendes, souvenirs, fantaisies Ligaran éditions ebooks ouvrages de références encyclopédies sur l'art beaux-livres</keywords>
	<languageID>2</languageID>
	<createdON>11.11.2016 12:26:31</createdOn>
	<authors> Ligaran</authors>
</xml>
<xml>
	<title>Dictionnaire de la Philosophie antique</title>
	<subtitle>Les Dictionnaires d'Universalis</subtitle>
	<isbn>9782341007023</isbn>
	<pageCount>990</pageCount>
	<keywords>Dictionnaire de la Philosophie antique Encyclopaedia Universalis Les Dictionnaires d'Universalis ebooks encyclopédies dictionnaires ouvrages de référence articles Antiquité naissance de la philosophie philosophes croyances Aristote moi dialectique scepticisme stoïcisme épicurisme sophisme Socrate Sénèque Platon</keywords>
	<languageID>2</languageID>
	<createdON>20.03.2017 11:09:11</createdOn>
	<authors> Ligaran</authors>
</xml>
<xml>
	<title>Le Bal d'Irène Némirovsky (Fiche de lecture)</title>
	<subtitle>Analyse complète de l'oeuvre</subtitle>
	<isbn>9782511027608</isbn>
	<pageCount>24</pageCount>
	<keywords>Fiche de lecture Le Bal Irène Némirovsky résumé analyse complète analyse détaillée éducation nationale collège lycée analyse littéraire théorie littéraire œuvre classique roman pièce de théâtre auteur classique référence littéraire</keywords>
	<languageID>2</languageID>
	<createdON>11.11.2016 10:49:52</createdOn>
	<authors> Ligaran</authors>
</xml>
<xml>
	<title>Loin de Paddington street</title>
	<subtitle>Un roman court</subtitle>
	<isbn>9782359625929</isbn>
	<pageCount>24</pageCount>
	<keywords>Loin de Paddington street Frédéric Bessat Editions Ex Aequo collection Atlantéïs ebooks romans humoristiques récits romans historiques romans absurdes nonsense humour britannique séries sagas époque victorienne flegme suspense intrigues tribus amitiés Guinée-Équatoriale recherches dangers coutumes</keywords>
	<languageID>2</languageID>
	<createdON>20.02.2017 08:36:46</createdOn>
	<authors> 50Minutes</authors>
</xml>
<xml>
	<title>Le petit Klimt</title>
	<subtitle>Un livre d'art amusant et ludique pour toute la famille !</subtitle>
	<isbn>9782875750525</isbn>
	<pageCount>32</pageCount>
	<keywords>Catherine de Duve Le petit Klimt Un voyage interactif au pays du peintre viennois Happy museum ! Kate'Art Éditions ebooks documentaires pour enfants 9-12 ans jeunesse livres illustrés illustrations familles artistes peintures XIXe et XXe siècles mouvements artistiques art nouveau symbolisme L'Arbre de vie L'Accomplissement L'Attente Le Baiser Judith Portrait d'Adèle Bloch-Bauer Danaë Vienne</keywords>
	<languageID>2</languageID>
	<createdON>11.11.2016 12:45:19</createdOn>
	<authors>Encyclopaedia Universalis</authors>
</xml>
<xml>
	<title>C'est arrivé à Lucile</title>
	<subtitle>Un roman émouvant</subtitle>
	<isbn>9782511014738</isbn>
	<pageCount>93</pageCount>
	<keywords>C'est arrivé à Lucile Anne-Laure Boselli Alice Éditions romans psychologiques livre pour enfant livre jeunesse deuils dépressions histoires pour enfants tristesse douleurs amitiés adolescence drame familial perte d'un proche perte d'un parent morts familles soutien solidarité</keywords>
	<languageID>2</languageID>
	<createdON>11.11.2016 10:50:08</createdOn>
	<authors> lePetitLittéraire</authors>
</xml>
